<?xml version="1.0" encoding="UTF-8"?>
<testng-results skipped="0" failed="0" total="1" passed="1">
  <reporter-output>
  </reporter-output>
  <suite name="Default suite" duration-ms="120" started-at="2016-04-15T15:06:14Z" finished-at="2016-04-15T15:06:14Z">
    <groups>
    </groups>
    <test name="Default test" duration-ms="120" started-at="2016-04-15T15:06:14Z" finished-at="2016-04-15T15:06:14Z">
      <class name="com.lili.aaa">
        <test-method status="PASS" signature="resourceTest()[pri:0, instance:com.lili.aaa@471b39]" name="resourceTest" duration-ms="76" started-at="2016-04-15T23:06:14Z" finished-at="2016-04-15T23:06:14Z">
          <reporter-output>
          </reporter-output>
        </test-method> <!-- resourceTest -->
      </class> <!-- com.lili.aaa -->
    </test> <!-- Default test -->
  </suite> <!-- Default suite -->
</testng-results>
